Nikhil 1
Nikhli 2
Nikhil 3
Nikhil 4
Nikhil 5
Nikhil 6
Nikhil 7
Nikhil 8
NikhilNikhl9
NikhilNikhilNikhil10
Nikhl123
Nikhil 1
Nikhli 2
Nikhil 3
Nikhil 4
Nikhil 5
Nikhil 6
Nikhil 7
Nikhil 8
NikhilNikhl9
NikhilNikhilNikhil10
Nikhl123
Nikhil 1
Nikhli 2
Nikhil 3
Nikhil 4
Nikhil 5
Nikhil 6
Nikhil 7
Nikhil 8
NikhilNikhl9
NikhilNikhilNikhil10
Nikhl123
Nikhil 1
Nikhli 2
Nikhil 3
Nikhil 4
Nikhil 5
Nikhil 6
Nikhil 7
Nikhil 8
NikhilNikhl9
NikhilNikhilNikhil10
Nikhl123
Nikhil 1
Nikhli 2
Nikhil 3
Nikhil 4
Nikhil 5
Nikhil 6
Nikhil 7
Nikhil 8
NikhilNikhl9
NikhilNikhilNikhil10
Nikhl123
Nikhil 1
Nikhli 2
Nikhil 3
Nikhil 4
Nikhil 5
Nikhil 6
Nikhil 7
Nikhil 8
NikhilNikhl9
NikhilNikhilNikhil10
Nikhl123
Nikhil 1
Nikhli 2
Nikhil 3
Nikhil 4
Nikhil 5
Nikhil 6
Nikhil 7
Nikhil 8
NikhilNikhl9
NikhilNikhilNikhil10
Nikhl123
Nikhil 1
Nikhli 2
Nikhil 3
Nikhil 4
Nikhil 5
Nikhil 6
Nikhil 7
Nikhil 8
NikhilNikhl9
NikhilNikhilNikhil10
Nikhl123
Nikhil111111111111111111111111
Nikhil1q
Nikhlianscnaskn ,sa x,


Nikhil
123
2443f4w
Nikhil
Nikhillll
12
12134
1345
123
qwr
sdvsd
123
1
2
123
12345
123
1234